<?xml version="1.0" encoding="UTF-8"?>
<testng-results total="1" passed="1" failed="0" skipped="0">
  <reporter-output>
  </reporter-output>
  <suite started-at="2022-02-21T14:14:25Z" name="Default suite" finished-at="2022-02-21T14:14:28Z" duration-ms="2625">
    <groups>
    </groups>
    <test started-at="2022-02-21T14:14:25Z" name="Default test" finished-at="2022-02-21T14:14:28Z" duration-ms="2625">
      <class name="restaurantBooking.NewTest">
        <test-method is-config="true" signature="beforeTest()[pri:0, instance:restaurantBooking.NewTest@64c63c79]" started-at="2022-02-21T22:14:25Z" name="beforeTest" finished-at="2022-02-21T22:14:25Z" duration-ms="8" status="PASS">
          <reporter-output>
          </reporter-output>
        </test-method> <!-- beforeTest -->
        <test-method signature="f()[pri:0, instance:restaurantBooking.NewTest@64c63c79]" started-at="2022-02-21T22:14:25Z" name="f" finished-at="2022-02-21T22:14:28Z" duration-ms="2595" status="PASS">
          <reporter-output>
          </reporter-output>
        </test-method> <!-- f -->
        <test-method is-config="true" signature="afterTest()[pri:0, instance:restaurantBooking.NewTest@64c63c79]" started-at="2022-02-21T22:14:28Z" name="afterTest" finished-at="2022-02-21T22:14:28Z" duration-ms="0" status="PASS">
          <reporter-output>
          </reporter-output>
        </test-method> <!-- afterTest -->
      </class> <!-- restaurantBooking.NewTest -->
    </test> <!-- Default test -->
  </suite> <!-- Default suite -->
</testng-results>
